2016-06-16 22:07:57,475 [MainThread  ] [DEBUG]  1. Done https://cdn.rawgit.com/sindresorhus/awesome/d7305f38d29fed78fa85652e3a63e154dd8e8829/media/badge.svg. Parsed: [:earth_americas:Awesome](https://cdn.rawgit.com/sindresorhus/awesome/d7305f38d29fed78fa85652e3a63e154dd8e8829/media/badge.svg)
2016-06-16 22:07:58,727 [MainThread  ] [DEBUG]  2. Done ziadoz/awesome-php. Parsed: [:octocat:awesome-php](https://github.com/ziadoz/awesome-php) - :star: 12110 :fork_and_knife: 2416
2016-06-16 22:07:59,900 [MainThread  ] [DEBUG]  3. Done qw3rtman/p. Parsed: [:octocat:p](https://github.com/qw3rtman/p) - :star: 557 :fork_and_knife: 23
2016-06-16 22:08:01,336 [MainThread  ] [DEBUG]  4. Done yyuu/pyenv. Parsed: [:octocat:pyenv](https://github.com/yyuu/pyenv) - :star: 4712 :fork_and_knife: 371
2016-06-16 22:08:01,337 [MainThread  ] [DEBUG]  5. Done https://docs.python.org/3/library/venv.html. Parsed: [:earth_americas:venv](https://docs.python.org/3/library/venv.html)
2016-06-16 22:08:01,337 [MainThread  ] [DEBUG]  6. Done https://pypi.python.org/pypi/virtualenv. Parsed: [:earth_americas:virtualenv](https://pypi.python.org/pypi/virtualenv)
2016-06-16 22:08:01,337 [MainThread  ] [DEBUG]  7. Done https://pypi.python.org/pypi/virtualenvwrapper. Parsed: [:earth_americas:virtualenvwrapper](https://pypi.python.org/pypi/virtualenvwrapper)
2016-06-16 22:08:01,337 [MainThread  ] [DEBUG]  8. Done https://pip.pypa.io/en/stable/. Parsed: [:earth_americas:pip](https://pip.pypa.io/en/stable/)
2016-06-16 22:08:02,647 [MainThread  ] [DEBUG]  9. Done nvie/pip-tools. Parsed: [:octocat:pip-tools](https://github.com/nvie/pip-tools) - :star: 1623 :fork_and_knife: 148
2016-06-16 22:08:04,139 [MainThread  ] [DEBUG]  10. Done conda/conda. Parsed: [:octocat:conda](https://github.com/conda/conda/) - :star: 761 :fork_and_knife: 261
2016-06-16 22:08:04,139 [MainThread  ] [DEBUG]  11. Done http://clarete.li/curdling/. Parsed: [:earth_americas:Curdling](http://clarete.li/curdling/)
2016-06-16 22:08:04,139 [MainThread  ] [DEBUG]  12. Done http://pythonwheels.com/. Parsed: [:earth_americas:wheel](http://pythonwheels.com/)
2016-06-16 22:08:05,435 [MainThread  ] [DEBUG]  13. Done pypa/warehouse. Parsed: [:octocat:warehouse](https://github.com/pypa/warehouse) - :star: 602 :fork_and_knife: 125
2016-06-16 22:08:05,436 [MainThread  ] [DEBUG]  14. Done https://bitbucket.org/pypa/bandersnatch. Parsed: [:earth_americas:bandersnatch](https://bitbucket.org/pypa/bandersnatch)
2016-06-16 22:08:05,436 [MainThread  ] [DEBUG]  15. Done http://doc.devpi.net/latest/. Parsed: [:earth_americas:devpi](http://doc.devpi.net/latest/)
2016-06-16 22:08:06,850 [MainThread  ] [DEBUG]  16. Done mvantellingen/localshop. Parsed: [:octocat:localshop](https://github.com/mvantellingen/localshop) - :star: 274 :fork_and_knife: 98
2016-06-16 22:08:08,275 [MainThread  ] [DEBUG]  17. Done pyinstaller/pyinstaller. Parsed: [:octocat:PyInstaller](https://github.com/pyinstaller/pyinstaller) - :star: 1839 :fork_and_knife: 444
2016-06-16 22:08:09,579 [MainThread  ] [DEBUG]  18. Done spotify/dh-virtualenv. Parsed: [:octocat:dh-virtualenv](https://github.com/spotify/dh-virtualenv) - :star: 827 :fork_and_knife: 86
2016-06-16 22:08:09,579 [MainThread  ] [DEBUG]  19. Done http://nuitka.net/. Parsed: [:earth_americas:Nuitka](http://nuitka.net/)
2016-06-16 22:08:09,579 [MainThread  ] [DEBUG]  20. Done http://pythonhosted.org/py2app/. Parsed: [:earth_americas:py2app](http://pythonhosted.org/py2app/)
2016-06-16 22:08:09,579 [MainThread  ] [DEBUG]  21. Done http://www.py2exe.org/. Parsed: [:earth_americas:py2exe](http://www.py2exe.org/)
2016-06-16 22:08:09,579 [MainThread  ] [DEBUG]  22. Done http://pynsist.readthedocs.io/. Parsed: [:earth_americas:pynsist](http://pynsist.readthedocs.io/)
2016-06-16 22:08:09,580 [MainThread  ] [DEBUG]  23. Done http://www.buildout.org/en/latest/. Parsed: [:earth_americas:buildout](http://www.buildout.org/en/latest/)
2016-06-16 22:08:09,580 [MainThread  ] [DEBUG]  24. Done http://www.yoctoproject.org/docs/1.6/bitbake-user-manual/bitbake-user-manual.html. Parsed: [:earth_americas:BitBake](http://www.yoctoproject.org/docs/1.6/bitbake-user-manual/bitbake-user-manual.html)
2016-06-16 22:08:10,878 [MainThread  ] [DEBUG]  25. Done platformio/platformio. Parsed: [:octocat:PlatformIO](https://github.com/platformio/platformio) - :star: 1086 :fork_and_knife: 159
2016-06-16 22:08:12,077 [MainThread  ] [DEBUG]  26. Done pybuilder/pybuilder. Parsed: [:octocat:PyBuilder](https://github.com/pybuilder/pybuilder) - :star: 645 :fork_and_knife: 136
2016-06-16 22:08:12,077 [MainThread  ] [DEBUG]  27. Done http://www.scons.org/. Parsed: [:earth_americas:SCons](http://www.scons.org/)
2016-06-16 22:08:12,077 [MainThread  ] [DEBUG]  28. Done https://jupyter.org. Parsed: [:earth_americas:Jupyter Notebook (IPython)](https://jupyter.org)
2016-06-16 22:08:13,472 [MainThread  ] [DEBUG]  29. Done bpython/bpython. Parsed: [:octocat:bpython](https://github.com/bpython/bpython) - :star: 541 :fork_and_knife: 72
2016-06-16 22:08:14,789 [MainThread  ] [DEBUG]  30. Done jonathanslenders/python-prompt-toolkit. Parsed: [:octocat:python-prompt-toolkit](https://github.com/jonathanslenders/python-prompt-toolkit) - :star: 2604 :fork_and_knife: 131
2016-06-16 22:08:14,790 [MainThread  ] [DEBUG]  31. Done https://docs.python.org/2/library/imghdr.html. Parsed: [:earth_americas:imghdr](https://docs.python.org/2/library/imghdr.html)
2016-06-16 22:08:14,790 [MainThread  ] [DEBUG]  32. Done https://docs.python.org/2/library/mimetypes.html. Parsed: [:earth_americas:mimetypes](https://docs.python.org/2/library/mimetypes.html)
2016-06-16 22:08:14,790 [MainThread  ] [DEBUG]  33. Done https://docs.python.org/2/library/os.path.html. Parsed: [:earth_americas:os.path](https://docs.python.org/2/library/os.path.html)
2016-06-16 22:08:14,790 [MainThread  ] [DEBUG]  34. Done https://pathlib.readthedocs.org/en/pep428/. Parsed: [:earth_americas:pathlib](https://pathlib.readthedocs.org/en/pep428/)
2016-06-16 22:08:16,084 [MainThread  ] [DEBUG]  35. Done ahupp/python-magic. Parsed: [:octocat:python-magic](https://github.com/ahupp/python-magic) - :star: 648 :fork_and_knife: 102
2016-06-16 22:08:17,330 [MainThread  ] [DEBUG]  36. Done mikeorr/Unipath. Parsed: [:octocat:Unipath](https://github.com/mikeorr/Unipath) - :star: 368 :fork_and_knife: 30
2016-06-16 22:08:18,440 [MainThread  ] [DEBUG]  37. Done gorakhargosh/watchdog. Parsed: [:octocat:watchdog](https://github.com/gorakhargosh/watchdog) - :star: 2067 :fork_and_knife: 273
2016-06-16 22:08:19,731 [MainThread  ] [DEBUG]  38. Done crsmithdev/arrow. Parsed: [:octocat:arrow](https://github.com/crsmithdev/arrow) - :star: 3082 :fork_and_knife: 260
2016-06-16 22:08:20,944 [MainThread  ] [DEBUG]  39. Done KoffeinFlummi/Chronyk. Parsed: [:octocat:Chronyk](https://github.com/KoffeinFlummi/Chronyk) - :star: 218 :fork_and_knife: 8
2016-06-16 22:08:20,944 [MainThread  ] [DEBUG]  40. Done https://docs.python.org/2/library/datetime.html. Parsed: [:earth_americas:datetime](https://docs.python.org/2/library/datetime.html)
2016-06-16 22:08:23,354 [MainThread  ] [DEBUG]  41. Done myusuf3/delorean. Parsed: [:octocat:delorean](https://github.com/myusuf3/delorean/) - :star: 1184 :fork_and_knife: 61
2016-06-16 22:08:23,354 [MainThread  ] [DEBUG]  42. Done http://momentjs.com/. Parsed: [:earth_americas:Moment.js](http://momentjs.com/)
2016-06-16 22:08:24,611 [MainThread  ] [DEBUG]  43. Done shinux/PyTime. Parsed: [:octocat:PyTime](https://github.com/shinux/PyTime) - :star: 96 :fork_and_knife: 12
2016-06-16 22:08:24,611 [MainThread  ] [DEBUG]  44. Done https://en.wikipedia.org/wiki/Tz_database. Parsed: [:earth_americas:tz database](https://en.wikipedia.org/wiki/Tz_database)
2016-06-16 22:08:25,863 [MainThread  ] [DEBUG]  45. Done dirn/When.py. Parsed: [:octocat:when.py](https://github.com/dirn/When.py) - :star: 148 :fork_and_knife: 13
2016-06-16 22:08:27,058 [MainThread  ] [DEBUG]  46. Done chardet/chardet. Parsed: [:octocat:chardet](https://github.com/chardet/chardet) - :star: 533 :fork_and_knife: 79
2016-06-16 22:08:27,058 [MainThread  ] [DEBUG]  47. Done https://docs.python.org/2/library/difflib.html. Parsed: [:earth_americas:difflib](https://docs.python.org/2/library/difflib.html)
2016-06-16 22:08:28,502 [MainThread  ] [DEBUG]  48. Done LuminosoInsight/python-ftfy. Parsed: [:octocat:ftfy](https://github.com/LuminosoInsight/python-ftfy) - :star: 1309 :fork_and_knife: 48
2016-06-16 22:08:29,663 [MainThread  ] [DEBUG]  49. Done seatgeek/fuzzywuzzy. Parsed: [:octocat:fuzzywuzzy](https://github.com/seatgeek/fuzzywuzzy) - :star: 2472 :fork_and_knife: 245
2016-06-16 22:08:30,930 [MainThread  ] [DEBUG]  50. Done ztane/python-Levenshtein. Parsed: [:octocat:Levenshtein](https://github.com/ztane/python-Levenshtein/) - :star: 214 :fork_and_knife: 42
2016-06-16 22:08:32,301 [MainThread  ] [DEBUG]  51. Done vinta/pangu.py. Parsed: [:octocat:pangu.py](https://github.com/vinta/pangu.py) - :star: 40 :fork_and_knife: 8
2016-06-16 22:08:33,637 [MainThread  ] [DEBUG]  52. Done pwaller/pyfiglet. Parsed: [:octocat:pyfiglet](https://github.com/pwaller/pyfiglet) - :star: 150 :fork_and_knife: 16
2016-06-16 22:08:34,829 [MainThread  ] [DEBUG]  53. Done stochastic-technologies/shortuuid. Parsed: [:octocat:shortuuid](https://github.com/stochastic-technologies/shortuuid) - :star: 584 :fork_and_knife: 46
2016-06-16 22:08:34,829 [MainThread  ] [DEBUG]  54. Done https://pypi.python.org/pypi/Unidecode. Parsed: [:earth_americas:unidecode](https://pypi.python.org/pypi/Unidecode)
2016-06-16 22:08:36,042 [MainThread  ] [DEBUG]  55. Done moskytw/uniout. Parsed: [:octocat:uniout](https://github.com/moskytw/uniout) - :star: 95 :fork_and_knife: 10
2016-06-16 22:08:37,245 [MainThread  ] [DEBUG]  56. Done lxneng/xpinyin. Parsed: [:octocat:xpinyin](https://github.com/lxneng/xpinyin) - :star: 333 :fork_and_knife: 92
2016-06-16 22:08:38,535 [MainThread  ] [DEBUG]  57. Done dimka665/awesome-slugify. Parsed: [:octocat:awesome-slugify](https://github.com/dimka665/awesome-slugify) - :star: 281 :fork_and_knife: 16
2016-06-16 22:08:39,892 [MainThread  ] [DEBUG]  58. Done un33k/python-slugify. Parsed: [:octocat:python-slugify](https://github.com/un33k/python-slugify) - :star: 259 :fork_and_knife: 31
2016-06-16 22:08:41,085 [MainThread  ] [DEBUG]  59. Done mozilla/unicode-slugify. Parsed: [:octocat:unicode-slugify](https://github.com/mozilla/unicode-slugify) - :star: 203 :fork_and_knife: 37
2016-06-16 22:08:42,255 [MainThread  ] [DEBUG]  60. Done daviddrysdale/python-phonenumbers. Parsed: [:octocat:phonenumbers](https://github.com/daviddrysdale/python-phonenumbers) - :star: 1232 :fork_and_knife: 164
2016-06-16 22:08:42,255 [MainThread  ] [DEBUG]  61. Done http://www.dabeaz.com/ply/. Parsed: [:earth_americas:PLY](http://www.dabeaz.com/ply/)
2016-06-16 22:08:42,255 [MainThread  ] [DEBUG]  62. Done http://pygments.org/. Parsed: [:earth_americas:Pygments](http://pygments.org/)
2016-06-16 22:08:42,255 [MainThread  ] [DEBUG]  63. Done http://pyparsing.wikispaces.com/. Parsed: [:earth_americas:pyparsing](http://pyparsing.wikispaces.com/)
2016-06-16 22:08:43,573 [MainThread  ] [DEBUG]  64. Done derek73/python-nameparser. Parsed: [:octocat:python-nameparser](https://github.com/derek73/python-nameparser) - :star: 150 :fork_and_knife: 26
2016-06-16 22:08:44,712 [MainThread  ] [DEBUG]  65. Done selwin/python-user-agents. Parsed: [:octocat:python-user-agents](https://github.com/selwin/python-user-agents) - :star: 357 :fork_and_knife: 76
2016-06-16 22:08:45,839 [MainThread  ] [DEBUG]  66. Done andialbrecht/sqlparse. Parsed: [:octocat:sqlparse](https://github.com/andialbrecht/sqlparse) - :star: 651 :fork_and_knife: 161
2016-06-16 22:08:47,036 [MainThread  ] [DEBUG]  67. Done kennethreitz/tablib. Parsed: [:octocat:tablib](https://github.com/kennethreitz/tablib) - :star: 1965 :fork_and_knife: 276
2016-06-16 22:08:48,206 [MainThread  ] [DEBUG]  68. Done brianray/mm. Parsed: [:octocat:Marmir](https://github.com/brianray/mm) - :star: 120 :fork_and_knife: 16
2016-06-16 22:08:48,206 [MainThread  ] [DEBUG]  69. Done https://openpyxl.readthedocs.io/. Parsed: [:earth_americas:openpyxl](https://openpyxl.readthedocs.io/)
2016-06-16 22:08:49,342 [MainThread  ] [DEBUG]  70. Done pyexcel/pyexcel. Parsed: [:octocat:pyexcel](https://github.com/pyexcel/pyexcel) - :star: 82 :fork_and_knife: 24
2016-06-16 22:08:50,505 [MainThread  ] [DEBUG]  71. Done python-openxml/python-docx. Parsed: [:octocat:python-docx](https://github.com/python-openxml/python-docx) - :star: 539 :fork_and_knife: 206
2016-06-16 22:08:50,506 [MainThread  ] [DEBUG]  72. Done http://relatorio.tryton.org/. Parsed: [:earth_americas:relatorio](http://relatorio.tryton.org/)
2016-06-16 22:08:51,802 [MainThread  ] [DEBUG]  73. Done dagwieers/unoconv. Parsed: [:octocat:unoconv](https://github.com/dagwieers/unoconv) - :star: 726 :fork_and_knife: 215
2016-06-16 22:08:51,803 [MainThread  ] [DEBUG]  74. Done https://xlsxwriter.readthedocs.io. Parsed: [:earth_americas:XlsxWriter](https://xlsxwriter.readthedocs.io)
2016-06-16 22:08:51,803 [MainThread  ] [DEBUG]  75. Done http://xlwings.org/. Parsed: [:earth_americas:xlwings](http://xlwings.org/)
2016-06-16 22:08:52,987 [MainThread  ] [DEBUG]  76. Done python-excel/xlrd. Parsed: [:octocat:xlrd](https://github.com/python-excel/xlrd) - :star: 764 :fork_and_knife: 180
2016-06-16 22:08:54,166 [MainThread  ] [DEBUG]  77. Done euske/pdfminer. Parsed: [:octocat:PDFMiner](https://github.com/euske/pdfminer) - :star: 1555 :fork_and_knife: 410
2016-06-16 22:08:55,402 [MainThread  ] [DEBUG]  78. Done mstamy2/PyPDF2. Parsed: [:octocat:PyPDF2](https://github.com/mstamy2/PyPDF2) - :star: 990 :fork_and_knife: 299
2016-06-16 22:08:55,402 [MainThread  ] [DEBUG]  79. Done http://www.reportlab.com/opensource/. Parsed: [:earth_americas:ReportLab](http://www.reportlab.com/opensource/)
2016-06-16 22:08:56,715 [MainThread  ] [DEBUG]  80. Done lepture/mistune. Parsed: [:octocat:Mistune](https://github.com/lepture/mistune) - :star: 673 :fork_and_knife: 58
2016-06-16 22:08:58,075 [MainThread  ] [DEBUG]  81. Done waylan/Python-Markdown. Parsed: [:octocat:Python-Markdown](https://github.com/waylan/Python-Markdown) - :star: 887 :fork_and_knife: 249
2016-06-16 22:08:58,075 [MainThread  ] [DEBUG]  82. Done http://pyyaml.org/. Parsed: [:earth_americas:PyYAML](http://pyyaml.org/)
2016-06-16 22:08:59,223 [MainThread  ] [DEBUG]  83. Done wireservice/csvkit. Parsed: [:octocat:csvkit](https://github.com/wireservice/csvkit) - :star: 2177 :fork_and_knife: 323
2016-06-16 22:09:00,543 [MainThread  ] [DEBUG]  84. Done mitsuhiko/unp. Parsed: [:octocat:unp](https://github.com/mitsuhiko/unp) - :star: 219 :fork_and_knife: 9
2016-06-16 22:09:00,543 [MainThread  ] [DEBUG]  85. Done http://www.nltk.org/. Parsed: [:earth_americas:NLTK](http://www.nltk.org/)
2016-06-16 22:09:00,544 [MainThread  ] [DEBUG]  86. Done http://www.clips.ua.ac.be/pattern. Parsed: [:earth_americas:Pattern](http://www.clips.ua.ac.be/pattern)
2016-06-16 22:09:01,848 [MainThread  ] [DEBUG]  87. Done fxsjy/jieba. Parsed: [:octocat:Jieba](https://github.com/fxsjy/jieba) - :star: 5393 :fork_and_knife: 1714
2016-06-16 22:09:03,022 [MainThread  ] [DEBUG]  88. Done isnowfy/snownlp. Parsed: [:octocat:SnowNLP](https://github.com/isnowfy/snownlp) - :star: 1360 :fork_and_knife: 397
2016-06-16 22:09:03,022 [MainThread  ] [DEBUG]  89. Done https://spacy.io/. Parsed: [:earth_americas:spaCy](https://spacy.io/)
2016-06-16 22:09:04,220 [MainThread  ] [DEBUG]  90. Done sloria/TextBlob. Parsed: [:octocat:TextBlob](https://github.com/sloria/TextBlob) - :star: 3072 :fork_and_knife: 365
2016-06-16 22:09:05,504 [MainThread  ] [DEBUG]  91. Done 2shou/TextGrocery. Parsed: [:octocat:TextGrocery](https://github.com/2shou/TextGrocery) - :star: 263 :fork_and_knife: 82
2016-06-16 22:09:06,911 [MainThread  ] [DEBUG]  92. Done saffsd/langid.py. Parsed: [:octocat:langid.py](https://github.com/saffsd/langid.py) - :star: 585 :fork_and_knife: 110
2016-06-16 22:09:06,912 [MainThread  ] [DEBUG]  93. Done http://www.sphinx-doc.org/en/latest/. Parsed: [:earth_americas:Sphinx](http://www.sphinx-doc.org/en/latest/)
2016-06-16 22:09:06,912 [MainThread  ] [DEBUG]  94. Done http://www.mkdocs.org/. Parsed: [:earth_americas:MkDocs](http://www.mkdocs.org/)
2016-06-16 22:09:08,327 [MainThread  ] [DEBUG]  95. Done BurntSushi/pdoc. Parsed: [:octocat:pdoc](https://github.com/BurntSushi/pdoc) - :star: 219 :fork_and_knife: 39
2016-06-16 22:09:09,596 [MainThread  ] [DEBUG]  96. Done pycco-docs/pycco. Parsed: [:octocat:Pycco](https://github.com/pycco-docs/pycco) - :star: 495 :fork_and_knife: 109
2016-06-16 22:09:09,596 [MainThread  ] [DEBUG]  97. Done https://docs.python.org/2/library/logging.html. Parsed: [:earth_americas:logging](https://docs.python.org/2/library/logging.html)
2016-06-16 22:09:09,597 [MainThread  ] [DEBUG]  98. Done http://www.voidspace.org.uk/python/configobj.html. Parsed: [:earth_americas:ConfigObj](http://www.voidspace.org.uk/python/configobj.html)
2016-06-16 22:09:09,597 [MainThread  ] [DEBUG]  99. Done https://docs.python.org/2/library/configparser.html. Parsed: [:earth_americas:ConfigParser](https://docs.python.org/2/library/configparser.html)
2016-06-16 22:09:09,597 [MainThread  ] [DEBUG]  100. Done http://profig.readthedocs.org/en/default/. Parsed: [:earth_americas:profig](http://profig.readthedocs.org/en/default/)
2016-06-16 22:09:10,812 [MainThread  ] [DEBUG]  101. Done henriquebastos/python-decouple. Parsed: [:octocat:python-decouple](https://github.com/henriquebastos/python-decouple) - :star: 251 :fork_and_knife: 21
2016-06-16 22:09:11,993 [MainThread  ] [DEBUG]  102. Done peterbrittain/asciimatics. Parsed: [:octocat:asciimatics](https://github.com/peterbrittain/asciimatics) - :star: 286 :fork_and_knife: 9
2016-06-16 22:09:11,993 [MainThread  ] [DEBUG]  103. Done http://builtoncement.com/. Parsed: [:earth_americas:cement](http://builtoncement.com/)
2016-06-16 22:09:11,994 [MainThread  ] [DEBUG]  104. Done http://click.pocoo.org/dev/. Parsed: [:earth_americas:click](http://click.pocoo.org/dev/)
2016-06-16 22:09:11,994 [MainThread  ] [DEBUG]  105. Done http://docs.openstack.org/developer/cliff/. Parsed: [:earth_americas:cliff](http://docs.openstack.org/developer/cliff/)
2016-06-16 22:09:13,144 [MainThread  ] [DEBUG]  106. Done kennethreitz/clint. Parsed: [:octocat:clint](https://github.com/kennethreitz/clint) - :star: 2016 :fork_and_knife: 182
2016-06-16 22:09:13,144 [MainThread  ] [DEBUG]  107. Done https://pypi.python.org/pypi/colorama. Parsed: [:earth_americas:colorama](https://pypi.python.org/pypi/colorama)
2016-06-16 22:09:13,144 [MainThread  ] [DEBUG]  108. Done http://docopt.org/. Parsed: [:earth_americas:docopt](http://docopt.org/)
2016-06-16 22:09:14,395 [MainThread  ] [DEBUG]  109. Done chriskiehl/Gooey. Parsed: [:octocat:Gooey](https://github.com/chriskiehl/Gooey) - :star: 4084 :fork_and_knife: 201
2016-06-16 22:09:15,562 [MainThread  ] [DEBUG]  110. Done jonathanslenders/python-prompt-toolkit. Parsed: [:octocat:python-prompt-toolkit](https://github.com/jonathanslenders/python-prompt-toolkit) - :star: 2604 :fork_and_knife: 131
2016-06-16 22:09:16,686 [MainThread  ] [DEBUG]  111. Done aws/aws-cli. Parsed: [:octocat:aws-cli](https://github.com/aws/aws-cli) - :star: 3928 :fork_and_knife: 609
2016-06-16 22:09:17,866 [MainThread  ] [DEBUG]  112. Done glamp/bashplotlib. Parsed: [:octocat:bashplotlib](https://github.com/glamp/bashplotlib) - :star: 553 :fork_and_knife: 45
2016-06-16 22:09:19,135 [MainThread  ] [DEBUG]  113. Done brettcannon/caniusepython3. Parsed: [:octocat:caniusepython3](https://github.com/brettcannon/caniusepython3) - :star: 241 :fork_and_knife: 24
2016-06-16 22:09:20,535 [MainThread  ] [DEBUG]  114. Done audreyr/cookiecutter. Parsed: [:octocat:cookiecutter](https://github.com/audreyr/cookiecutter) - :star: 3455 :fork_and_knife: 420
2016-06-16 22:09:21,772 [MainThread  ] [DEBUG]  115. Done sloria/doitlive. Parsed: [:octocat:doitlive](https://github.com/sloria/doitlive) - :star: 711 :fork_and_knife: 22
2016-06-16 22:09:23,012 [MainThread  ] [DEBUG]  116. Done gleitz/howdoi. Parsed: [:octocat:howdoi](https://github.com/gleitz/howdoi) - :star: 4432 :fork_and_knife: 394
2016-06-16 22:09:24,202 [MainThread  ] [DEBUG]  117. Done jkbrzt/httpie. Parsed: [:octocat:httpie](https://github.com/jkbrzt/httpie) - :star: 23953 :fork_and_knife: 1479
2016-06-16 22:09:25,426 [MainThread  ] [DEBUG]  118. Done facebook/PathPicker. Parsed: [:octocat:PathPicker](https://github.com/facebook/PathPicker) - :star: 2900 :fork_and_knife: 164
2016-06-16 22:09:26,706 [MainThread  ] [DEBUG]  119. Done mooz/percol. Parsed: [:octocat:percol](https://github.com/mooz/percol) - :star: 2067 :fork_and_knife: 95
2016-06-16 22:09:27,934 [MainThread  ] [DEBUG]  120. Done donnemartin/saws. Parsed: [:octocat:SAWS](https://github.com/donnemartin/saws) - :star: 2887 :fork_and_knife: 103
2016-06-16 22:09:29,196 [MainThread  ] [DEBUG]  121. Done nvbn/thefuck. Parsed: [:octocat:thefuck](https://github.com/nvbn/thefuck) - :star: 20545 :fork_and_knife: 960
2016-06-16 22:09:30,422 [MainThread  ] [DEBUG]  122. Done timofurrer/try. Parsed: [:octocat:try](https://github.com/timofurrer/try) - :star: 289 :fork_and_knife: 11
2016-06-16 22:09:31,716 [MainThread  ] [DEBUG]  123. Done dbcli/mycli. Parsed: [:octocat:mycli](https://github.com/dbcli/mycli) - :star: 2752 :fork_and_knife: 144
2016-06-16 22:09:32,885 [MainThread  ] [DEBUG]  124. Done dbcli/pgcli. Parsed: [:octocat:pgcli](https://github.com/dbcli/pgcli) - :star: 4610 :fork_and_knife: 182
2016-06-16 22:09:34,010 [MainThread  ] [DEBUG]  125. Done s3tools/s3cmd. Parsed: [:octocat:s3cmd](https://github.com/s3tools/s3cmd) - :star: 1884 :fork_and_knife: 594
2016-06-16 22:09:35,192 [MainThread  ] [DEBUG]  126. Done bloomreach/s4cmd. Parsed: [:octocat:s4cmd](https://github.com/bloomreach/s4cmd) - :star: 418 :fork_and_knife: 82
2016-06-16 22:09:35,193 [MainThread  ] [DEBUG]  127. Done https://www.soimort.org/you-get/. Parsed: [:earth_americas:you-get](https://www.soimort.org/you-get/)
2016-06-16 22:09:35,193 [MainThread  ] [DEBUG]  128. Done http://rg3.github.io/youtube-dl/. Parsed: [:earth_americas:youtube-dl](http://rg3.github.io/youtube-dl/)
2016-06-16 22:09:35,193 [MainThread  ] [DEBUG]  129. Done http://www.pythonware.com/products/pil/. Parsed: [:earth_americas:PIL](http://www.pythonware.com/products/pil/)
2016-06-16 22:09:36,459 [MainThread  ] [DEBUG]  130. Done rossgoodwin/hmap. Parsed: [:octocat:hmap](https://github.com/rossgoodwin/hmap) - :star: 112 :fork_and_knife: 6
2016-06-16 22:09:36,460 [MainThread  ] [DEBUG]  131. Done https://sourceforge.net/projects/imgseek/. Parsed: [:earth_americas:imgSeek](https://sourceforge.net/projects/imgseek/)
2016-06-16 22:09:37,644 [MainThread  ] [DEBUG]  132. Done hhatto/nude.py. Parsed: [:octocat:nude.py](https://github.com/hhatto/nude.py) - :star: 370 :fork_and_knife: 51
2016-06-16 22:09:37,644 [MainThread  ] [DEBUG]  133. Done https://pythonhosted.org/pyBarcode/. Parsed: [:earth_americas:pyBarcode](https://pythonhosted.org/pyBarcode/)
2016-06-16 22:09:38,884 [MainThread  ] [DEBUG]  134. Done ajkumar25/pygram. Parsed: [:octocat:pygram](https://github.com/ajkumar25/pygram) - :star: 41 :fork_and_knife: 6
2016-06-16 22:09:40,047 [MainThread  ] [DEBUG]  135. Done lincolnloop/python-qrcode. Parsed: [:octocat:python-qrcode](https://github.com/lincolnloop/python-qrcode) - :star: 883 :fork_and_knife: 200
2016-06-16 22:09:41,257 [MainThread  ] [DEBUG]  136. Done fogleman/Quads. Parsed: [:octocat:Quads](https://github.com/fogleman/Quads) - :star: 569 :fork_and_knife: 49
2016-06-16 22:09:41,257 [MainThread  ] [DEBUG]  137. Done http://scikit-image.org/. Parsed: [:earth_americas:scikit-image](http://scikit-image.org/)
2016-06-16 22:09:42,445 [MainThread  ] [DEBUG]  138. Done thumbor/thumbor. Parsed: [:octocat:thumbor](https://github.com/thumbor/thumbor) - :star: 3946 :fork_and_knife: 398
2016-06-16 22:09:42,445 [MainThread  ] [DEBUG]  139. Done http://www.imagemagick.org/script/magick-wand.php. Parsed: [:earth_americas:MagickWand](http://www.imagemagick.org/script/magick-wand.php)
2016-06-16 22:09:43,597 [MainThread  ] [DEBUG]  140. Done jflesch/pyocr. Parsed: [:octocat:pyocr](https://github.com/jflesch/pyocr) - :star: 304 :fork_and_knife: 57
2016-06-16 22:09:43,597 [MainThread  ] [ERROR]  [Google Tesseract OCR](https://github.com/tesseract-ocr) 'NoneType' object has no attribute 'groups'
2016-06-16 22:09:44,807 [MainThread  ] [DEBUG]  141. Done danilobellini/audiolazy. Parsed: [:octocat:audiolazy](https://github.com/danilobellini/audiolazy) - :star: 225 :fork_and_knife: 25
2016-06-16 22:09:46,049 [MainThread  ] [DEBUG]  142. Done beetbox/audioread. Parsed: [:octocat:audioread](https://github.com/beetbox/audioread) - :star: 98 :fork_and_knife: 36
2016-06-16 22:09:46,050 [MainThread  ] [DEBUG]  143. Done https://musicbrainz.org/. Parsed: [:earth_americas:MusicBrainz](https://musicbrainz.org/)
2016-06-16 22:09:47,278 [MainThread  ] [DEBUG]  144. Done worldveil/dejavu. Parsed: [:octocat:dejavu](https://github.com/worldveil/dejavu) - :star: 2113 :fork_and_knife: 392
2016-06-16 22:09:47,279 [MainThread  ] [DEBUG]  145. Done http://aws.amazon.com/elastictranscoder/. Parsed: [:earth_americas:Amazon Elastic Transcoder](http://aws.amazon.com/elastictranscoder/)
2016-06-16 22:09:47,279 [MainThread  ] [DEBUG]  146. Done http://eyed3.nicfit.net/. Parsed: [:earth_americas:eyeD3](http://eyed3.nicfit.net/)
2016-06-16 22:09:47,279 [MainThread  ] [DEBUG]  147. Done http://nedbatchelder.com/code/modules/id3reader.py. Parsed: [:earth_americas:id3reader](http://nedbatchelder.com/code/modules/id3reader.py)
2016-06-16 22:09:48,430 [MainThread  ] [DEBUG]  148. Done globocom/m3u8. Parsed: [:octocat:m3u8](https://github.com/globocom/m3u8) - :star: 172 :fork_and_knife: 73
2016-06-16 22:09:48,430 [MainThread  ] [DEBUG]  149. Done https://bitbucket.org/lazka/mutagen. Parsed: [:earth_americas:mutagen](https://bitbucket.org/lazka/mutagen)
2016-06-16 22:09:49,722 [MainThread  ] [DEBUG]  150. Done jiaaro/pydub. Parsed: [:octocat:pydub](https://github.com/jiaaro/pydub) - :star: 1416 :fork_and_knife: 147
2016-06-16 22:09:49,722 [MainThread  ] [DEBUG]  151. Done http://developer.echonest.com/. Parsed: [:earth_americas:Echo Nest](http://developer.echonest.com/)
2016-06-16 22:09:49,723 [MainThread  ] [DEBUG]  152. Done http://scikits.appspot.com/talkbox. Parsed: [:earth_americas:talkbox](http://scikits.appspot.com/talkbox)
2016-06-16 22:09:50,923 [MainThread  ] [DEBUG]  153. Done Parisson/TimeSide. Parsed: [:octocat:TimeSide](https://github.com/Parisson/TimeSide) - :star: 163 :fork_and_knife: 23
2016-06-16 22:09:52,124 [MainThread  ] [DEBUG]  154. Done devsnd/tinytag. Parsed: [:octocat:tinytag](https://github.com/devsnd/tinytag) - :star: 187 :fork_and_knife: 24
2016-06-16 22:09:52,124 [MainThread  ] [DEBUG]  155. Done http://bspaans.github.io/python-mingus/. Parsed: [:earth_americas:mingus](http://bspaans.github.io/python-mingus/)
2016-06-16 22:09:52,124 [MainThread  ] [DEBUG]  156. Done http://zulko.github.io/moviepy/. Parsed: [:earth_americas:moviepy](http://zulko.github.io/moviepy/)
2016-06-16 22:09:53,305 [MainThread  ] [DEBUG]  157. Done aizvorski/scikit-video. Parsed: [:octocat:scikit-video](https://github.com/aizvorski/scikit-video) - :star: 38 :fork_and_knife: 4
2016-06-16 22:09:53,305 [MainThread  ] [DEBUG]  158. Done https://docs.djangoproject.com/en/dev/ref/contrib/gis/. Parsed: [:earth_americas:GeoDjango](https://docs.djangoproject.com/en/dev/ref/contrib/gis/)
2016-06-16 22:09:54,545 [MainThread  ] [DEBUG]  159. Done maxmind/geoip-api-python. Parsed: [:octocat:GeoIP](https://github.com/maxmind/geoip-api-python) - :star: 131 :fork_and_knife: 33
2016-06-16 22:09:55,765 [MainThread  ] [DEBUG]  160. Done frewsxcv/python-geojson. Parsed: [:octocat:geojson](https://github.com/frewsxcv/python-geojson) - :star: 207 :fork_and_knife: 28
2016-06-16 22:10:02,377 [MainThread  ] [DEBUG]  161. Done geopy/geopy. Parsed: [:octocat:geopy](https://github.com/geopy/geopy) - :star: 1099 :fork_and_knife: 274
2016-06-16 22:10:03,843 [MainThread  ] [DEBUG]  162. Done appliedsec/pygeoip. Parsed: [:octocat:pygeoip](https://github.com/appliedsec/pygeoip) - :star: 417 :fork_and_knife: 86
2016-06-16 22:10:05,532 [MainThread  ] [DEBUG]  163. Done SmileyChris/django-countries. Parsed: [:octocat:django-countries](https://github.com/SmileyChris/django-countries) - :star: 261 :fork_and_knife: 83
2016-06-16 22:10:05,533 [MainThread  ] [DEBUG]  164. Done http://docs.python-requests.org/en/latest/. Parsed: [:earth_americas:requests](http://docs.python-requests.org/en/latest/)
2016-06-16 22:10:07,324 [MainThread  ] [DEBUG]  165. Done kennethreitz/grequests. Parsed: [:octocat:grequests](https://github.com/kennethreitz/grequests) - :star: 1451 :fork_and_knife: 176
2016-06-16 22:10:08,911 [MainThread  ] [DEBUG]  166. Done jcgregorio/httplib2. Parsed: [:octocat:httplib2](https://github.com/jcgregorio/httplib2) - :star: 363 :fork_and_knife: 191
2016-06-16 22:10:10,648 [MainThread  ] [DEBUG]  167. Done twisted/treq. Parsed: [:octocat:treq](https://github.com/twisted/treq) - :star: 275 :fork_and_knife: 72
2016-06-16 22:10:12,287 [MainThread  ] [DEBUG]  168. Done shazow/urllib3. Parsed: [:octocat:urllib3](https://github.com/shazow/urllib3) - :star: 1057 :fork_and_knife: 353
2016-06-16 22:10:12,288 [MainThread  ] [DEBUG]  169. Done https://pythonhosted.org/pickleDB/. Parsed: [:earth_americas:pickleDB](https://pythonhosted.org/pickleDB/)
2016-06-16 22:10:12,288 [MainThread  ] [DEBUG]  170. Done https://www.pipelinedb.com/. Parsed: [:earth_americas:PipelineDB](https://www.pipelinedb.com/)
2016-06-16 22:10:13,817 [MainThread  ] [DEBUG]  171. Done msiemens/tinydb. Parsed: [:octocat:TinyDB](https://github.com/msiemens/tinydb) - :star: 1008 :fork_and_knife: 64
2016-06-16 22:10:13,817 [MainThread  ] [DEBUG]  172. Done http://www.zodb.org/en/latest/. Parsed: [:earth_americas:ZODB](http://www.zodb.org/en/latest/)
2016-06-16 22:10:13,817 [MainThread  ] [DEBUG]  173. Done https://sourceforge.net/projects/mysql-python/. Parsed: [:earth_americas:mysql-python](https://sourceforge.net/projects/mysql-python/)
2016-06-16 22:10:15,308 [MainThread  ] [DEBUG]  174. Done PyMySQL/mysqlclient-python. Parsed: [:octocat:mysqlclient](https://github.com/PyMySQL/mysqlclient-python) - :star: 341 :fork_and_knife: 48
2016-06-16 22:10:15,309 [MainThread  ] [DEBUG]  175. Done https://pythonhosted.org/oursql/. Parsed: [:earth_americas:oursql](https://pythonhosted.org/oursql/)
2016-06-16 22:10:16,645 [MainThread  ] [DEBUG]  176. Done PyMySQL/PyMySQL. Parsed: [:octocat:PyMySQL](https://github.com/PyMySQL/PyMySQL) - :star: 1761 :fork_and_knife: 404
2016-06-16 22:10:16,646 [MainThread  ] [DEBUG]  177. Done http://initd.org/psycopg/. Parsed: [:earth_americas:psycopg2](http://initd.org/psycopg/)
2016-06-16 22:10:17,956 [MainThread  ] [DEBUG]  178. Done gmr/queries. Parsed: [:octocat:queries](https://github.com/gmr/queries) - :star: 143 :fork_and_knife: 13
2016-06-16 22:10:19,442 [MainThread  ] [DEBUG]  179. Done wulczer/txpostgres. Parsed: [:octocat:txpostgres](https://github.com/wulczer/txpostgres) - :star: 81 :fork_and_knife: 21
2016-06-16 22:10:19,442 [MainThread  ] [DEBUG]  180. Done http://rogerbinns.github.io/apsw/. Parsed: [:earth_americas:apsw](http://rogerbinns.github.io/apsw/)
2016-06-16 22:10:20,675 [MainThread  ] [DEBUG]  181. Done pudo/dataset. Parsed: [:octocat:dataset](https://github.com/pudo/dataset) - :star: 2242 :fork_and_knife: 128
2016-06-16 22:10:20,675 [MainThread  ] [DEBUG]  182. Done http://www.pymssql.org/en/latest/. Parsed: [:earth_americas:pymssql](http://www.pymssql.org/en/latest/)
2016-06-16 22:10:21,973 [MainThread  ] [DEBUG]  183. Done datastax/python-driver. Parsed: [:octocat:cassandra-python-driver](https://github.com/datastax/python-driver) - :star: 511 :fork_and_knife: 244
2016-06-16 22:10:23,101 [MainThread  ] [DEBUG]  184. Done wbolster/happybase. Parsed: [:octocat:HappyBase](https://github.com/wbolster/happybase) - :star: 249 :fork_and_knife: 73
2016-06-16 22:10:24,248 [MainThread  ] [DEBUG]  185. Done wbolster/plyvel. Parsed: [:octocat:Plyvel](https://github.com/wbolster/plyvel) - :star: 120 :fork_and_knife: 21
2016-06-16 22:10:24,248 [MainThread  ] [DEBUG]  186. Done http://py2neo.org/2.0/. Parsed: [:earth_americas:py2neo](http://py2neo.org/2.0/)
2016-06-16 22:10:25,446 [MainThread  ] [DEBUG]  187. Done pycassa/pycassa. Parsed: [:octocat:pycassa](https://github.com/pycassa/pycassa) - :star: 493 :fork_and_knife: 141
2016-06-16 22:10:25,446 [MainThread  ] [DEBUG]  188. Done https://docs.mongodb.org/ecosystem/drivers/python/. Parsed: [:earth_americas:PyMongo](https://docs.mongodb.org/ecosystem/drivers/python/)
2016-06-16 22:10:26,645 [MainThread  ] [DEBUG]  189. Done andymccurdy/redis-py. Parsed: [:octocat:redis-py](https://github.com/andymccurdy/redis-py) - :star: 4173 :fork_and_knife: 1051
2016-06-16 22:10:27,836 [MainThread  ] [DEBUG]  190. Done driftx/Telephus. Parsed: [:octocat:telephus](https://github.com/driftx/Telephus) - :star: 93 :fork_and_knife: 34
2016-06-16 22:10:29,084 [MainThread  ] [DEBUG]  191. Done deldotdr/txRedis. Parsed: [:octocat:txRedis](https://github.com/deldotdr/txRedis) - :star: 115 :fork_and_knife: 32
2016-06-16 22:10:29,085 [MainThread  ] [DEBUG]  192. Done https://docs.djangoproject.com/en/dev/topics/db/models/. Parsed: [:earth_americas:Django Models](https://docs.djangoproject.com/en/dev/topics/db/models/)
2016-06-16 22:10:29,085 [MainThread  ] [DEBUG]  193. Done http://www.sqlalchemy.org/. Parsed: [:earth_americas:SQLAlchemy](http://www.sqlalchemy.org/)
2016-06-16 22:10:30,266 [MainThread  ] [DEBUG]  194. Done coleifer/peewee. Parsed: [:octocat:Peewee](https://github.com/coleifer/peewee) - :star: 2880 :fork_and_knife: 517
2016-06-16 22:10:30,266 [MainThread  ] [DEBUG]  195. Done https://ponyorm.com/. Parsed: [:earth_americas:PonyORM](https://ponyorm.com/)
2016-06-16 22:10:30,266 [MainThread  ] [DEBUG]  196. Done https://pypi.python.org/pypi/python-sql. Parsed: [:earth_americas:python-sql](https://pypi.python.org/pypi/python-sql)
2016-06-16 22:10:32,320 [MainThread  ] [DEBUG]  197. Done django-nonrel/mongodb-engine. Parsed: [:octocat:django-mongodb-engine](https://github.com/django-nonrel/mongodb-engine) - :star: 642 :fork_and_knife: 188
2016-06-16 22:10:32,321 [MainThread  ] [DEBUG]  198. Done https://aws.amazon.com/dynamodb/. Parsed: [:earth_americas:Amazon DynamoDB](https://aws.amazon.com/dynamodb/)
2016-06-16 22:10:33,646 [MainThread  ] [DEBUG]  199. Done mathcamp/flywheel. Parsed: [:octocat:flywheel](https://github.com/mathcamp/flywheel) - :star: 59 :fork_and_knife: 8
2016-06-16 22:10:33,647 [MainThread  ] [DEBUG]  200. Done http://mongoengine.org/. Parsed: [:earth_americas:MongoEngine](http://mongoengine.org/)
2016-06-16 22:10:34,968 [MainThread  ] [DEBUG]  201. Done stephenmcd/hot-redis. Parsed: [:octocat:hot-redis](https://github.com/stephenmcd/hot-redis) - :star: 187 :fork_and_knife: 13
2016-06-16 22:10:36,171 [MainThread  ] [DEBUG]  202. Done kiddouk/redisco. Parsed: [:octocat:redisco](https://github.com/kiddouk/redisco) - :star: 303 :fork_and_knife: 59
2016-06-16 22:10:37,702 [MainThread  ] [DEBUG]  203. Done Widdershin/butterdb. Parsed: [:octocat:butterdb](https://github.com/Widdershin/butterdb) - :star: 308 :fork_and_knife: 14
2016-06-16 22:10:37,703 [MainThread  ] [DEBUG]  204. Done https://www.djangoproject.com/. Parsed: [:earth_americas:Django](https://www.djangoproject.com/)
2016-06-16 22:10:37,703 [MainThread  ] [DEBUG]  205. Done http://flask.pocoo.org/. Parsed: [:earth_americas:Flask](http://flask.pocoo.org/)
2016-06-16 22:10:37,703 [MainThread  ] [DEBUG]  206. Done http://www.pylonsproject.org/. Parsed: [:earth_americas:Pyramid](http://www.pylonsproject.org/)
2016-06-16 22:10:37,704 [MainThread  ] [DEBUG]  207. Done http://bottlepy.org/docs/dev/index.html. Parsed: [:earth_americas:Bottle](http://bottlepy.org/docs/dev/index.html)
2016-06-16 22:10:37,704 [MainThread  ] [DEBUG]  208. Done http://www.cherrypy.org/. Parsed: [:earth_americas:CherryPy](http://www.cherrypy.org/)
2016-06-16 22:10:37,704 [MainThread  ] [DEBUG]  209. Done http://www.turbogears.org/. Parsed: [:earth_americas:TurboGears](http://www.turbogears.org/)
2016-06-16 22:10:37,704 [MainThread  ] [DEBUG]  210. Done http://webpy.org/. Parsed: [:earth_americas:web.py](http://webpy.org/)
2016-06-16 22:10:37,704 [MainThread  ] [DEBUG]  211. Done http://www.web2py.com. Parsed: [:earth_americas:web2py](http://www.web2py.com)
2016-06-16 22:10:37,705 [MainThread  ] [DEBUG]  212. Done http://www.tornadoweb.org/en/latest/. Parsed: [:earth_americas:Tornado](http://www.tornadoweb.org/en/latest/)
2016-06-16 22:10:37,705 [MainThread  ] [DEBUG]  213. Done https://aws.amazon.com/lambda/. Parsed: [:earth_americas:AWS Lambda](https://aws.amazon.com/lambda/)
2016-06-16 22:10:38,826 [MainThread  ] [DEBUG]  214. Done Miserlou/Zappa. Parsed: [:octocat:Zappa](https://github.com/Miserlou/Zappa) - :star: 936 :fork_and_knife: 66
2016-06-16 22:10:40,001 [MainThread  ] [DEBUG]  215. Done nficano/python-lambda. Parsed: [:octocat:python-lambda](https://github.com/nficano/python-lambda) - :star: 178 :fork_and_knife: 17
2016-06-16 22:10:41,290 [MainThread  ] [DEBUG]  216. Done neuman/python-carteblanche. Parsed: [:octocat:Carteblanche](https://github.com/neuman/python-carteblanche/) - :star: 26 :fork_and_knife: 3
2016-06-16 22:10:42,504 [MainThread  ] [DEBUG]  217. Done django-guardian/django-guardian. Parsed: [:octocat:django-guardian](https://github.com/django-guardian/django-guardian) - :star: 1139 :fork_and_knife: 315
2016-06-16 22:10:43,630 [MainThread  ] [DEBUG]  218. Done dfunckt/django-rules. Parsed: [:octocat:django-rules](https://github.com/dfunckt/django-rules) - :star: 305 :fork_and_knife: 19
2016-06-16 22:10:43,630 [MainThread  ] [DEBUG]  219. Done http://www.django-cms.org/en/. Parsed: [:earth_americas:django-cms](http://www.django-cms.org/en/)
2016-06-16 22:10:43,630 [MainThread  ] [DEBUG]  220. Done http://djedi-cms.org/. Parsed: [:earth_americas:djedi-cms](http://djedi-cms.org/)
2016-06-16 22:10:43,631 [MainThread  ] [DEBUG]  221. Done http://www.feincms.org/. Parsed: [:earth_americas:FeinCMS](http://www.feincms.org/)
2016-06-16 22:10:43,631 [MainThread  ] [DEBUG]  222. Done http://kotti.pylonsproject.org/. Parsed: [:earth_americas:Kotti](http://kotti.pylonsproject.org/)
2016-06-16 22:10:43,631 [MainThread  ] [DEBUG]  223. Done http://mezzanine.jupo.org/. Parsed: [:earth_americas:Mezzanine](http://mezzanine.jupo.org/)
2016-06-16 22:10:43,631 [MainThread  ] [DEBUG]  224. Done http://opps.github.io/opps/. Parsed: [:earth_americas:Opps](http://opps.github.io/opps/)
2016-06-16 22:10:43,631 [MainThread  ] [DEBUG]  225. Done https://plone.org/. Parsed: [:earth_americas:Plone](https://plone.org/)
2016-06-16 22:10:43,632 [MainThread  ] [DEBUG]  226. Done http://quokkaproject.org/. Parsed: [:earth_americas:Quokka](http://quokkaproject.org/)
2016-06-16 22:10:43,632 [MainThread  ] [DEBUG]  227. Done https://wagtail.io/. Parsed: [:earth_americas:Wagtail](https://wagtail.io/)
2016-06-16 22:10:43,632 [MainThread  ] [DEBUG]  228. Done https://wid.gy/. Parsed: [:earth_americas:Widgy](https://wid.gy/)
2016-06-16 22:10:43,632 [MainThread  ] [DEBUG]  229. Done http://oscarcommerce.com/. Parsed: [:earth_americas:django-oscar](http://oscarcommerce.com/)
2016-06-16 22:10:44,806 [MainThread  ] [DEBUG]  230. Done awesto/django-shop. Parsed: [:octocat:django-shop](https://github.com/awesto/django-shop) - :star: 1069 :fork_and_knife: 449
2016-06-16 22:10:45,986 [MainThread  ] [DEBUG]  231. Done stephenmcd/cartridge. Parsed: [:octocat:Cartridge](https://github.com/stephenmcd/cartridge) - :star: 465 :fork_and_knife: 226
2016-06-16 22:10:45,986 [MainThread  ] [DEBUG]  232. Done https://www.shoop.io/en/. Parsed: [:earth_americas:shoop](https://www.shoop.io/en/)
2016-06-16 22:10:47,145 [MainThread  ] [DEBUG]  233. Done lxneng/alipay. Parsed: [:octocat:alipay](https://github.com/lxneng/alipay) - :star: 139 :fork_and_knife: 44
2016-06-16 22:10:48,268 [MainThread  ] [DEBUG]  234. Done agiliq/merchant. Parsed: [:octocat:merchant](https://github.com/agiliq/merchant) - :star: 830 :fork_and_knife: 145
2016-06-16 22:10:49,515 [MainThread  ] [DEBUG]  235. Done carlospalol/money. Parsed: [:octocat:money](https://github.com/carlospalol/money) - :star: 64 :fork_and_knife: 8
2016-06-16 22:10:50,701 [MainThread  ] [DEBUG]  236. Done Alir3z4/python-currencies. Parsed: [:octocat:python-currencies](https://github.com/Alir3z4/python-currencies) - :star: 20 :fork_and_knife: 0
2016-06-16 22:10:50,701 [MainThread  ] [DEBUG]  237. Done http://www.django-rest-framework.org/. Parsed: [:earth_americas:django-rest-framework](http://www.django-rest-framework.org/)
2016-06-16 22:10:50,701 [MainThread  ] [DEBUG]  238. Done http://tastypieapi.org/. Parsed: [:earth_americas:django-tastypie](http://tastypieapi.org/)
2016-06-16 22:10:51,860 [MainThread  ] [DEBUG]  239. Done 5monkeys/django-formapi. Parsed: [:octocat:django-formapi](https://github.com/5monkeys/django-formapi) - :star: 22 :fork_and_knife: 11
2016-06-16 22:10:51,860 [MainThread  ] [DEBUG]  240. Done http://www.flaskapi.org/. Parsed: [:earth_americas:flask-api](http://www.flaskapi.org/)
2016-06-16 22:10:53,046 [MainThread  ] [DEBUG]  241. Done flask-restful/flask-restful. Parsed: [:octocat:flask-restful](https://github.com/flask-restful/flask-restful) - :star: 2030 :fork_and_knife: 423
2016-06-16 22:10:59,364 [MainThread  ] [DEBUG]  242. Done jfinkels/flask-restless. Parsed: [:octocat:flask-restless](https://github.com/jfinkels/flask-restless) - :star: 647 :fork_and_knife: 217
2016-06-16 22:11:00,471 [MainThread  ] [DEBUG]  243. Done marselester/flask-api-utils. Parsed: [:octocat:flask-api-utils](https://github.com/marselester/flask-api-utils) - :star: 28 :fork_and_knife: 2
2016-06-16 22:11:01,894 [MainThread  ] [DEBUG]  244. Done nicolaiarocci/eve. Parsed: [:octocat:eve](https://github.com/nicolaiarocci/eve) - :star: 3307 :fork_and_knife: 443
2016-06-16 22:11:03,420 [MainThread  ] [DEBUG]  245. Done mozilla-services/cornice. Parsed: [:octocat:cornice](https://github.com/mozilla-services/cornice) - :star: 276 :fork_and_knife: 128
2016-06-16 22:11:03,420 [MainThread  ] [DEBUG]  246. Done http://falconframework.org/. Parsed: [:earth_americas:falcon](http://falconframework.org/)
2016-06-16 22:11:04,782 [MainThread  ] [DEBUG]  247. Done timothycrosley/hug. Parsed: [:octocat:hug](https://github.com/timothycrosley/hug) - :star: 3169 :fork_and_knife: 128
2016-06-16 22:11:06,324 [MainThread  ] [DEBUG]  248. Done jeffknupp/sandman. Parsed: [:octocat:sandman](https://github.com/jeffknupp/sandman) - :star: 2224 :fork_and_knife: 181
2016-06-16 22:11:07,755 [MainThread  ] [DEBUG]  249. Done toastdriven/restless. Parsed: [:octocat:restless](https://github.com/toastdriven/restless) - :star: 542 :fork_and_knife: 63
2016-06-16 22:11:09,196 [MainThread  ] [DEBUG]  250. Done vertical-knowledge/ripozo. Parsed: [:octocat:ripozo](https://github.com/vertical-knowledge/ripozo) - :star: 155 :fork_and_knife: 19
2016-06-16 22:11:10,702 [MainThread  ] [DEBUG]  251. Done marshmallow-code/marshmallow. Parsed: [:octocat:marshmallow](https://github.com/marshmallow-code/marshmallow) - :star: 1150 :fork_and_knife: 139
2016-06-16 22:11:10,703 [MainThread  ] [DEBUG]  252. Done http://peterhudec.github.io/authomatic/. Parsed: [:earth_americas:Authomatic](http://peterhudec.github.io/authomatic/)
2016-06-16 22:11:12,052 [MainThread  ] [DEBUG]  253. Done pennersr/django-allauth. Parsed: [:octocat:django-allauth](https://github.com/pennersr/django-allauth) - :star: 2398 :fork_and_knife: 877
2016-06-16 22:11:13,306 [MainThread  ] [DEBUG]  254. Done evonove/django-oauth-toolkit. Parsed: [:octocat:django-oauth-toolkit](https://github.com/evonove/django-oauth-toolkit) - :star: 760 :fork_and_knife: 230
2016-06-16 22:11:14,740 [MainThread  ] [DEBUG]  255. Done caffeinehit/django-oauth2-provider. Parsed: [:octocat:django-oauth2-provider](https://github.com/caffeinehit/django-oauth2-provider) - :star: 294 :fork_and_knife: 234
2016-06-16 22:11:16,108 [MainThread  ] [DEBUG]  256. Done lepture/flask-oauthlib. Parsed: [:octocat:Flask-OAuthlib](https://github.com/lepture/flask-oauthlib) - :star: 714 :fork_and_knife: 199
2016-06-16 22:11:17,320 [MainThread  ] [DEBUG]  257. Done idan/oauthlib. Parsed: [:octocat:OAuthLib](https://github.com/idan/oauthlib) - :star: 1141 :fork_and_knife: 255
2016-06-16 22:11:18,648 [MainThread  ] [DEBUG]  258. Done joestump/python-oauth2. Parsed: [:octocat:python-oauth2](https://github.com/joestump/python-oauth2) - :star: 2420 :fork_and_knife: 947
2016-06-16 22:11:19,878 [MainThread  ] [DEBUG]  259. Done omab/python-social-auth. Parsed: [:octocat:python-social-auth](https://github.com/omab/python-social-auth) - :star: 2302 :fork_and_knife: 1000
2016-06-16 22:11:21,206 [MainThread  ] [DEBUG]  260. Done litl/rauth. Parsed: [:octocat:rauth](https://github.com/litl/rauth) - :star: 1425 :fork_and_knife: 148
2016-06-16 22:11:22,455 [MainThread  ] [DEBUG]  261. Done demianbrecht/sanction. Parsed: [:octocat:sanction](https://github.com/demianbrecht/sanction) - :star: 154 :fork_and_knife: 38
2016-06-16 22:11:23,660 [MainThread  ] [DEBUG]  262. Done demonware/jose. Parsed: [:octocat:jose](https://github.com/demonware/jose) - :star: 47 :fork_and_knife: 16
2016-06-16 22:11:24,845 [MainThread  ] [DEBUG]  263. Done jpadilla/pyjwt. Parsed: [:octocat:PyJWT](https://github.com/jpadilla/pyjwt) - :star: 819 :fork_and_knife: 128
2016-06-16 22:11:26,165 [MainThread  ] [DEBUG]  264. Done brianloveswords/python-jws. Parsed: [:octocat:python-jws](https://github.com/brianloveswords/python-jws) - :star: 40 :fork_and_knife: 16
2016-06-16 22:11:27,451 [MainThread  ] [DEBUG]  265. Done davedoesdev/python-jwt. Parsed: [:octocat:python-jwt](https://github.com/davedoesdev/python-jwt) - :star: 99 :fork_and_knife: 11
2016-06-16 22:11:28,590 [MainThread  ] [DEBUG]  266. Done pallets/jinja. Parsed: [:octocat:Jinja2](https://github.com/pallets/jinja) - :star: 3358 :fork_and_knife: 688
2016-06-16 22:11:28,590 [MainThread  ] [DEBUG]  267. Done https://genshi.edgewall.org/. Parsed: [:earth_americas:Genshi](https://genshi.edgewall.org/)
2016-06-16 22:11:28,590 [MainThread  ] [DEBUG]  268. Done http://www.makotemplates.org/. Parsed: [:earth_americas:Mako](http://www.makotemplates.org/)
2016-06-16 22:11:28,590 [MainThread  ] [DEBUG]  269. Done http://www.celeryproject.org/. Parsed: [:earth_americas:celery](http://www.celeryproject.org/)
2016-06-16 22:11:29,840 [MainThread  ] [DEBUG]  270. Done coleifer/huey. Parsed: [:octocat:huey](https://github.com/coleifer/huey) - :star: 915 :fork_and_knife: 94
2016-06-16 22:11:30,969 [MainThread  ] [DEBUG]  271. Done pricingassistant/mrq. Parsed: [:octocat:mrq](https://github.com/pricingassistant/mrq) - :star: 387 :fork_and_knife: 29
2016-06-16 22:11:30,969 [MainThread  ] [DEBUG]  272. Done http://python-rq.org/. Parsed: [:earth_americas:rq](http://python-rq.org/)
2016-06-16 22:11:32,131 [MainThread  ] [DEBUG]  273. Done rdegges/simpleq. Parsed: [:octocat:simpleq](https://github.com/rdegges/simpleq) - :star: 103 :fork_and_knife: 9
2016-06-16 22:11:33,381 [MainThread  ] [DEBUG]  274. Done django-haystack/django-haystack. Parsed: [:octocat:django-haystack](https://github.com/django-haystack/django-haystack) - :star: 1989 :fork_and_knife: 886
2016-06-16 22:11:33,381 [MainThread  ] [DEBUG]  275. Done https://www.elastic.co/products/elasticsearch. Parsed: [:earth_americas:Elasticsearch](https://www.elastic.co/products/elasticsearch)
2016-06-16 22:11:34,652 [MainThread  ] [DEBUG]  276. Done elastic/elasticsearch-dsl-py. Parsed: [:octocat:elasticsearch-dsl-py](https://github.com/elastic/elasticsearch-dsl-py) - :star: 849 :fork_and_knife: 203
2016-06-16 22:11:35,813 [MainThread  ] [DEBUG]  277. Done catholabs/esengine. Parsed: [:octocat:esengine](https://github.com/catholabs/esengine) - :star: 51 :fork_and_knife: 5
2016-06-16 22:11:35,813 [MainThread  ] [DEBUG]  278. Done http://lucene.apache.org/solr/. Parsed: [:earth_americas:solr](http://lucene.apache.org/solr/)
2016-06-16 22:11:35,814 [MainThread  ] [DEBUG]  279. Done http://whoosh.readthedocs.io/. Parsed: [:earth_americas:Whoosh](http://whoosh.readthedocs.io/)
2016-06-16 22:11:37,071 [MainThread  ] [DEBUG]  280. Done justquick/django-activity-stream. Parsed: [:octocat:django-activity-stream](https://github.com/justquick/django-activity-stream) - :star: 1023 :fork_and_knife: 310
2016-06-16 22:11:38,378 [MainThread  ] [DEBUG]  281. Done tschellenbach/Stream-Framework. Parsed: [:octocat:Stream-Framework](https://github.com/tschellenbach/Stream-Framework) - :star: 2156 :fork_and_knife: 267
2016-06-16 22:11:39,575 [MainThread  ] [DEBUG]  282. Done django-compressor/django-compressor. Parsed: [:octocat:django-compressor](https://github.com/django-compressor/django-compressor) - :star: 1684 :fork_and_knife: 486
2016-06-16 22:11:40,996 [MainThread  ] [DEBUG]  283. Done jazzband/django-pipeline. Parsed: [:octocat:django-pipeline](https://github.com/jazzband/django-pipeline) - :star: 1034 :fork_and_knife: 276
2016-06-16 22:11:42,184 [MainThread  ] [DEBUG]  284. Done jschneier/django-storages. Parsed: [:octocat:django-storages](https://github.com/jschneier/django-storages) - :star: 385 :fork_and_knife: 142
2016-06-16 22:11:42,184 [MainThread  ] [DEBUG]  285. Done http://www.fanstatic.org/en/latest/. Parsed: [:earth_americas:fanstatic](http://www.fanstatic.org/en/latest/)
2016-06-16 22:11:42,184 [MainThread  ] [DEBUG]  286. Done http://fileconveyor.org/. Parsed: [:earth_americas:fileconveyor](http://fileconveyor.org/)
2016-06-16 22:11:43,445 [MainThread  ] [DEBUG]  287. Done miracle2k/flask-assets. Parsed: [:octocat:flask-assets](https://github.com/miracle2k/flask-assets) - :star: 267 :fork_and_knife: 72
2016-06-16 22:11:49,902 [MainThread  ] [DEBUG]  288. Done jaysonsantos/jinja-assets-compressor. Parsed: [:octocat:jinja-assets-compressor](https://github.com/jaysonsantos/jinja-assets-compressor) - :star: 50 :fork_and_knife: 8
2016-06-16 22:11:51,071 [MainThread  ] [DEBUG]  289. Done miracle2k/webassets. Parsed: [:octocat:webassets](https://github.com/miracle2k/webassets) - :star: 735 :fork_and_knife: 216
2016-06-16 22:11:52,325 [MainThread  ] [DEBUG]  290. Done bbangert/beaker. Parsed: [:octocat:Beaker](https://github.com/bbangert/beaker) - :star: 233 :fork_and_knife: 85
2016-06-16 22:11:53,470 [MainThread  ] [DEBUG]  291. Done django-cache-machine/django-cache-machine. Parsed: [:octocat:django-cache-machine](https://github.com/django-cache-machine/django-cache-machine) - :star: 621 :fork_and_knife: 125
2016-06-16 22:11:54,581 [MainThread  ] [DEBUG]  292. Done Suor/django-cacheops. Parsed: [:octocat:django-cacheops](https://github.com/Suor/django-cacheops) - :star: 547 :fork_and_knife: 91
2016-06-16 22:11:55,782 [MainThread  ] [DEBUG]  293. Done 5monkeys/django-viewlet. Parsed: [:octocat:django-viewlet](https://github.com/5monkeys/django-viewlet) - :star: 54 :fork_and_knife: 12
2016-06-16 22:11:55,783 [MainThread  ] [DEBUG]  294. Done http://dogpilecache.readthedocs.io/. Parsed: [:earth_americas:dogpile.cache](http://dogpilecache.readthedocs.io/)
2016-06-16 22:11:55,783 [MainThread  ] [DEBUG]  295. Done https://pypi.python.org/pypi/HermesCache. Parsed: [:earth_americas:HermesCache](https://pypi.python.org/pypi/HermesCache)
2016-06-16 22:11:56,948 [MainThread  ] [DEBUG]  296. Done jmoiron/johnny-cache. Parsed: [:octocat:johnny-cache](https://github.com/jmoiron/johnny-cache) - :star: 257 :fork_and_knife: 87
2016-06-16 22:11:56,948 [MainThread  ] [DEBUG]  297. Done http://libmemcached.org/libMemcached.html. Parsed: [:earth_americas:libmemcached](http://libmemcached.org/libMemcached.html)
2016-06-16 22:11:56,949 [MainThread  ] [DEBUG]  298. Done http://www.grantjenks.com/docs/diskcache/. Parsed: [:earth_americas:DiskCache](http://www.grantjenks.com/docs/diskcache/)
2016-06-16 22:11:56,949 [MainThread  ] [DEBUG]  299. Done http://tomekwojcik.github.io/envelopes/. Parsed: [:earth_americas:envelopes](http://tomekwojcik.github.io/envelopes/)
2016-06-16 22:11:58,136 [MainThread  ] [DEBUG]  300. Done mailgun/flanker. Parsed: [:octocat:flanker](https://github.com/mailgun/flanker) - :star: 928 :fork_and_knife: 86
2016-06-16 22:11:59,376 [MainThread  ] [DEBUG]  301. Done martinrusev/imbox. Parsed: [:octocat:imbox](https://github.com/martinrusev/imbox) - :star: 624 :fork_and_knife: 83
2016-06-16 22:12:00,827 [MainThread  ] [DEBUG]  302. Done kennethreitz/inbox.py. Parsed: [:octocat:inbox.py](https://github.com/kennethreitz/inbox.py) - :star: 1220 :fork_and_knife: 78
2016-06-16 22:12:02,522 [MainThread  ] [DEBUG]  303. Done zedshaw/lamson. Parsed: [:octocat:lamson](https://github.com/zedshaw/lamson) - :star: 548 :fork_and_knife: 151
2016-06-16 22:12:04,451 [MainThread  ] [DEBUG]  304. Done marrow/mailer. Parsed: [:octocat:Marrow Mailer](https://github.com/marrow/mailer) - :star: 103 :fork_and_knife: 25
2016-06-16 22:12:07,008 [MainThread  ] [DEBUG]  305. Done tonioo/modoboa. Parsed: [:octocat:modoboa](https://github.com/tonioo/modoboa) - :star: 539 :fork_and_knife: 82
2016-06-16 22:12:09,067 [MainThread  ] [DEBUG]  306. Done nylas/sync-engine. Parsed: [:octocat:Nylas Sync Engine](https://github.com/nylas/sync-engine) - :star: 2973 :fork_and_knife: 266
2016-06-16 22:12:10,533 [MainThread  ] [DEBUG]  307. Done kootenpv/yagmail. Parsed: [:octocat:yagmail](https://github.com/kootenpv/yagmail) - :star: 526 :fork_and_knife: 25
2016-06-16 22:12:10,534 [MainThread  ] [DEBUG]  308. Done http://babel.pocoo.org/en/latest/. Parsed: [:earth_americas:Babel](http://babel.pocoo.org/en/latest/)
2016-06-16 22:12:10,534 [MainThread  ] [DEBUG]  309. Done http://site.icu-project.org/. Parsed: [:earth_americas:ICU](http://site.icu-project.org/)
2016-06-16 22:12:12,227 [MainThread  ] [DEBUG]  310. Done gruns/furl. Parsed: [:octocat:furl](https://github.com/gruns/furl) - :star: 916 :fork_and_knife: 61
2016-06-16 22:12:13,710 [MainThread  ] [DEBUG]  311. Done codeinthehole/purl. Parsed: [:octocat:purl](https://github.com/codeinthehole/purl) - :star: 163 :fork_and_knife: 21
2016-06-16 22:12:15,217 [MainThread  ] [DEBUG]  312. Done ellisonleao/pyshorteners. Parsed: [:octocat:pyshorteners](https://github.com/ellisonleao/pyshorteners) - :star: 117 :fork_and_knife: 20
2016-06-16 22:12:16,564 [MainThread  ] [DEBUG]  313. Done Alir3z4/python-short_url. Parsed: [:octocat:short_url](https://github.com/Alir3z4/python-short_url) - :star: 50 :fork_and_knife: 9
2016-06-16 22:12:17,886 [MainThread  ] [DEBUG]  314. Done sloria/webargs. Parsed: [:octocat:webargs](https://github.com/sloria/webargs) - :star: 329 :fork_and_knife: 43
2016-06-16 22:12:17,886 [MainThread  ] [DEBUG]  315. Done https://www.crummy.com/software/BeautifulSoup/bs4/doc/. Parsed: [:earth_americas:BeautifulSoup](https://www.crummy.com/software/BeautifulSoup/bs4/doc/)
2016-06-16 22:12:19,155 [MainThread  ] [DEBUG]  316. Done mozilla/bleach. Parsed: [:octocat:bleach](https://github.com/mozilla/bleach) - :star: 1011 :fork_and_knife: 116
2016-06-16 22:12:19,155 [MainThread  ] [DEBUG]  317. Done https://pypi.python.org/pypi/cssutils/. Parsed: [:earth_americas:cssutils](https://pypi.python.org/pypi/cssutils/)
2016-06-16 22:12:20,456 [MainThread  ] [DEBUG]  318. Done html5lib/html5lib-python. Parsed: [:octocat:html5lib](https://github.com/html5lib/html5lib-python) - :star: 485 :fork_and_knife: 105
2016-06-16 22:12:20,456 [MainThread  ] [DEBUG]  319. Done http://lxml.de/. Parsed: [:earth_americas:lxml](http://lxml.de/)
2016-06-16 22:12:21,862 [MainThread  ] [DEBUG]  320. Done pallets/markupsafe. Parsed: [:octocat:MarkupSafe](https://github.com/pallets/markupsafe) - :star: 123 :fork_and_knife: 48
2016-06-16 22:12:23,062 [MainThread  ] [DEBUG]  321. Done gawel/pyquery. Parsed: [:octocat:pyquery](https://github.com/gawel/pyquery) - :star: 970 :fork_and_knife: 93
2016-06-16 22:12:24,201 [MainThread  ] [DEBUG]  322. Done stchris/untangle. Parsed: [:octocat:untangle](https://github.com/stchris/untangle) - :star: 163 :fork_and_knife: 21
2016-06-16 22:12:25,550 [MainThread  ] [DEBUG]  323. Done xhtml2pdf/xhtml2pdf. Parsed: [:octocat:xhtml2pdf](https://github.com/xhtml2pdf/xhtml2pdf) - :star: 1147 :fork_and_knife: 414
2016-06-16 22:12:26,891 [MainThread  ] [DEBUG]  324. Done martinblech/xmltodict. Parsed: [:octocat:xmltodict](https://github.com/martinblech/xmltodict) - :star: 2025 :fork_and_knife: 198
2016-06-16 22:12:26,891 [MainThread  ] [DEBUG]  325. Done http://scrapy.org/. Parsed: [:earth_americas:Scrapy](http://scrapy.org/)
2016-06-16 22:12:28,104 [MainThread  ] [DEBUG]  326. Done chineking/cola. Parsed: [:octocat:cola](https://github.com/chineking/cola) - :star: 944 :fork_and_knife: 452
2016-06-16 22:12:29,259 [MainThread  ] [DEBUG]  327. Done matiasb/demiurge. Parsed: [:octocat:Demiurge](https://github.com/matiasb/demiurge) - :star: 36 :fork_and_knife: 5
2016-06-16 22:12:29,260 [MainThread  ] [DEBUG]  328. Done http://pythonhosted.org/feedparser/. Parsed: [:earth_americas:feedparser](http://pythonhosted.org/feedparser/)
2016-06-16 22:12:29,260 [MainThread  ] [DEBUG]  329. Done http://grablib.org/. Parsed: [:earth_americas:Grab](http://grablib.org/)
2016-06-16 22:12:30,478 [MainThread  ] [DEBUG]  330. Done hickford/MechanicalSoup. Parsed: [:octocat:MechanicalSoup](https://github.com/hickford/MechanicalSoup) - :star: 1362 :fork_and_knife: 70
2016-06-16 22:12:31,727 [MainThread  ] [DEBUG]  331. Done scrapinghub/portia. Parsed: [:octocat:portia](https://github.com/scrapinghub/portia) - :star: 4246 :fork_and_knife: 622
2016-06-16 22:12:32,941 [MainThread  ] [DEBUG]  332. Done binux/pyspider. Parsed: [:octocat:pyspider](https://github.com/binux/pyspider) - :star: 6707 :fork_and_knife: 1741
2016-06-16 22:12:34,240 [MainThread  ] [DEBUG]  333. Done jmcarp/robobrowser. Parsed: [:octocat:RoboBrowser](https://github.com/jmcarp/robobrowser) - :star: 2420 :fork_and_knife: 156
2016-06-16 22:12:35,553 [MainThread  ] [DEBUG]  334. Done vinta/Haul. Parsed: [:octocat:Haul](https://github.com/vinta/Haul) - :star: 63 :fork_and_knife: 17
2016-06-16 22:12:36,743 [MainThread  ] [DEBUG]  335. Done Alir3z4/html2text. Parsed: [:octocat:html2text](https://github.com/Alir3z4/html2text) - :star: 248 :fork_and_knife: 54
2016-06-16 22:12:37,863 [MainThread  ] [DEBUG]  336. Done michaelhelmick/lassie. Parsed: [:octocat:lassie](https://github.com/michaelhelmick/lassie) - :star: 307 :fork_and_knife: 19
2016-06-16 22:12:39,052 [MainThread  ] [DEBUG]  337. Done coleifer/micawber. Parsed: [:octocat:micawber](https://github.com/coleifer/micawber) - :star: 303 :fork_and_knife: 44
2016-06-16 22:12:40,234 [MainThread  ] [DEBUG]  338. Done codelucas/newspaper. Parsed: [:octocat:newspaper](https://github.com/codelucas/newspaper) - :star: 3315 :fork_and_knife: 446
2016-06-16 22:12:41,364 [MainThread  ] [DEBUG]  339. Done erikriver/opengraph. Parsed: [:octocat:opengraph](https://github.com/erikriver/opengraph) - :star: 72 :fork_and_knife: 44
2016-06-16 22:12:42,565 [MainThread  ] [DEBUG]  340. Done grangier/python-goose. Parsed: [:octocat:python-goose](https://github.com/grangier/python-goose) - :star: 1947 :fork_and_knife: 468
2016-06-16 22:12:43,769 [MainThread  ] [DEBUG]  341. Done buriy/python-readability. Parsed: [:octocat:python-readability](https://github.com/buriy/python-readability) - :star: 948 :fork_and_knife: 187
2016-06-16 22:12:45,171 [MainThread  ] [DEBUG]  342. Done Alir3z4/python-sanitize. Parsed: [:octocat:sanitize](https://github.com/Alir3z4/python-sanitize) - :star: 19 :fork_and_knife: 1
2016-06-16 22:12:46,613 [MainThread  ] [DEBUG]  343. Done miso-belica/sumy. Parsed: [:octocat:sumy](https://github.com/miso-belica/sumy) - :star: 565 :fork_and_knife: 116
2016-06-16 22:12:47,850 [MainThread  ] [DEBUG]  344. Done deanmalmgren/textract. Parsed: [:octocat:textract](https://github.com/deanmalmgren/textract) - :star: 1703 :fork_and_knife: 149
2016-06-16 22:12:49,023 [MainThread  ] [DEBUG]  345. Done Pylons/deform. Parsed: [:octocat:Deform](https://github.com/Pylons/deform) - :star: 173 :fork_and_knife: 109
2016-06-16 22:12:50,171 [MainThread  ] [DEBUG]  346. Done dyve/django-bootstrap3. Parsed: [:octocat:django-bootstrap3](https://github.com/dyve/django-bootstrap3) - :star: 1403 :fork_and_knife: 448
2016-06-16 22:12:51,402 [MainThread  ] [DEBUG]  347. Done maraujop/django-crispy-forms. Parsed: [:octocat:django-crispy-forms](https://github.com/maraujop/django-crispy-forms) - :star: 2391 :fork_and_knife: 425
2016-06-16 22:12:52,574 [MainThread  ] [DEBUG]  348. Done WiserTogether/django-remote-forms. Parsed: [:octocat:django-remote-forms](https://github.com/WiserTogether/django-remote-forms) - :star: 144 :fork_and_knife: 71
2016-06-16 22:12:53,781 [MainThread  ] [DEBUG]  349. Done wtforms/wtforms. Parsed: [:octocat:WTForms](https://github.com/wtforms/wtforms) - :star: 520 :fork_and_knife: 181
2016-06-16 22:12:55,016 [MainThread  ] [DEBUG]  350. Done schematics/schematics. Parsed: [:octocat:Schematics](https://github.com/schematics/schematics) - :star: 1579 :fork_and_knife: 200
2016-06-16 22:12:56,216 [MainThread  ] [DEBUG]  351. Done keleshev/schema. Parsed: [:octocat:schema](https://github.com/keleshev/schema) - :star: 859 :fork_and_knife: 76
2016-06-16 22:12:56,217 [MainThread  ] [DEBUG]  352. Done http://json-schema.org/. Parsed: [:earth_americas:JSON Schema](http://json-schema.org/)
2016-06-16 22:12:57,446 [MainThread  ] [DEBUG]  353. Done nicolaiarocci/cerberus. Parsed: [:octocat:Cerberus](https://github.com/nicolaiarocci/cerberus/) - :star: 518 :fork_and_knife: 79
2016-06-16 22:12:57,446 [MainThread  ] [DEBUG]  354. Done http://docs.pylonsproject.org/projects/colander/en/latest/. Parsed: [:earth_americas:colander](http://docs.pylonsproject.org/projects/colander/en/latest/)
2016-06-16 22:12:58,657 [MainThread  ] [DEBUG]  355. Done alecthomas/voluptuous. Parsed: [:octocat:voluptuous](https://github.com/alecthomas/voluptuous) - :star: 605 :fork_and_knife: 92
2016-06-16 22:12:59,955 [MainThread  ] [DEBUG]  356. Done podio/valideer. Parsed: [:octocat:valideer](https://github.com/podio/valideer) - :star: 166 :fork_and_knife: 7
2016-06-16 22:13:01,482 [MainThread  ] [DEBUG]  357. Done mbi/django-simple-captcha. Parsed: [:octocat:django-simple-captcha](https://github.com/mbi/django-simple-captcha) - :star: 362 :fork_and_knife: 151
2016-06-16 22:13:02,877 [MainThread  ] [DEBUG]  358. Done moqada/django-simple-spam-blocker. Parsed: [:octocat:django-simple-spam-blocker](https://github.com/moqada/django-simple-spam-blocker) - :star: 9 :fork_and_knife: 1
2016-06-16 22:13:04,210 [MainThread  ] [DEBUG]  359. Done alex/django-taggit. Parsed: [:octocat:django-taggit](https://github.com/alex/django-taggit) - :star: 1470 :fork_and_knife: 403
2016-06-16 22:13:05,549 [MainThread  ] [DEBUG]  360. Done Eugeny/ajenti. Parsed: [:octocat:Ajenti](https://github.com/Eugeny/ajenti) - :star: 162 :fork_and_knife: 33
2016-06-16 22:13:05,549 [MainThread  ] [DEBUG]  361. Done http://djangosuit.com/. Parsed: [:earth_americas:django-suit](http://djangosuit.com/)
2016-06-16 22:13:06,996 [MainThread  ] [DEBUG]  362. Done sshwsfc/xadmin. Parsed: [:octocat:django-xadmin](https://github.com/sshwsfc/xadmin) - :star: 1642 :fork_and_knife: 515
2016-06-16 22:13:08,311 [MainThread  ] [DEBUG]  363. Done flask-admin/flask-admin. Parsed: [:octocat:flask-admin](https://github.com/flask-admin/flask-admin) - :star: 1757 :fork_and_knife: 586
2016-06-16 22:13:09,506 [MainThread  ] [DEBUG]  364. Done mher/flower. Parsed: [:octocat:flower](https://github.com/mher/flower) - :star: 1743 :fork_and_knife: 337
2016-06-16 22:13:09,506 [MainThread  ] [DEBUG]  365. Done http://grappelliproject.com. Parsed: [:earth_americas:Grappelli](http://grappelliproject.com)
2016-06-16 22:13:10,759 [MainThread  ] [DEBUG]  366. Done wooey/wooey. Parsed: [:octocat:Wooey](https://github.com/wooey/wooey) - :star: 643 :fork_and_knife: 54
2016-06-16 22:13:10,759 [MainThread  ] [DEBUG]  367. Done http://blog.getpelican.com/. Parsed: [:earth_americas:Pelican](http://blog.getpelican.com/)
2016-06-16 22:13:12,652 [MainThread  ] [DEBUG]  368. Done koenbok/Cactus. Parsed: [:octocat:Cactus](https://github.com/koenbok/Cactus/) - :star: 2759 :fork_and_knife: 261
2016-06-16 22:13:12,653 [MainThread  ] [DEBUG]  369. Done http://hyde.github.io/. Parsed: [:earth_americas:Hyde](http://hyde.github.io/)
2016-06-16 22:13:12,653 [MainThread  ] [DEBUG]  370. Done https://www.getnikola.com/. Parsed: [:earth_americas:Nikola](https://www.getnikola.com/)
2016-06-16 22:13:12,653 [MainThread  ] [DEBUG]  371. Done http://tinkerer.me/. Parsed: [:earth_americas:Tinkerer](http://tinkerer.me/)
2016-06-16 22:13:12,653 [MainThread  ] [DEBUG]  372. Done https://www.getlektor.com/. Parsed: [:earth_americas:Lektor](https://www.getlektor.com/)
2016-06-16 22:13:12,654 [MainThread  ] [DEBUG]  373. Done https://docs.python.org/2/library/subprocess.html. Parsed: [:earth_americas:subprocess](https://docs.python.org/2/library/subprocess.html)
2016-06-16 22:13:12,654 [MainThread  ] [DEBUG]  374. Done http://sarge.readthedocs.io/. Parsed: [:earth_americas:sarge](http://sarge.readthedocs.io/)
2016-06-16 22:13:13,825 [MainThread  ] [DEBUG]  375. Done amoffat/sh. Parsed: [:octocat:sh](https://github.com/amoffat/sh) - :star: 3373 :fork_and_knife: 282
2016-06-16 22:13:13,825 [MainThread  ] [DEBUG]  376. Done https://docs.python.org/2/library/multiprocessing.html. Parsed: [:earth_americas:multiprocessing](https://docs.python.org/2/library/multiprocessing.html)
2016-06-16 22:13:13,825 [MainThread  ] [DEBUG]  377. Done https://docs.python.org/2/library/threading.html. Parsed: [:earth_americas:threading](https://docs.python.org/2/library/threading.html)
2016-06-16 22:13:13,825 [MainThread  ] [DEBUG]  378. Done http://eventlet.net/. Parsed: [:earth_americas:eventlet](http://eventlet.net/)
2016-06-16 22:13:14,969 [MainThread  ] [DEBUG]  379. Done python-greenlet/greenlet. Parsed: [:octocat:greenlet](https://github.com/python-greenlet/greenlet) - :star: 638 :fork_and_knife: 118
2016-06-16 22:13:16,307 [MainThread  ] [DEBUG]  380. Done madisonmay/Tomorrow. Parsed: [:octocat:Tomorrow](https://github.com/madisonmay/Tomorrow) - :star: 1135 :fork_and_knife: 67
2016-06-16 22:13:16,307 [MainThread  ] [DEBUG]  381. Done https://docs.python.org/3/library/asyncio.html. Parsed: [:earth_americas:asyncio](https://docs.python.org/3/library/asyncio.html)
2016-06-16 22:13:16,307 [MainThread  ] [DEBUG]  382. Done https://twistedmatrix.com/trac/. Parsed: [:earth_americas:Twisted](https://twistedmatrix.com/trac/)
2016-06-16 22:13:21,935 [MainThread  ] [DEBUG]  1. Done https://cdn.rawgit.com/sindresorhus/awesome/d7305f38d29fed78fa85652e3a63e154dd8e8829/media/badge.svg. Parsed: [:earth_americas:Awesome](https://cdn.rawgit.com/sindresorhus/awesome/d7305f38d29fed78fa85652e3a63e154dd8e8829/media/badge.svg)
2016-06-16 22:13:23,176 [MainThread  ] [DEBUG]  2. Done ziadoz/awesome-php. Parsed: [:octocat:awesome-php](https://github.com/ziadoz/awesome-php) - :star: 12110 :fork_and_knife: 2416
2016-06-16 22:13:25,201 [MainThread  ] [DEBUG]  3. Done qw3rtman/p. Parsed: [:octocat:p](https://github.com/qw3rtman/p) - :star: 557 :fork_and_knife: 23
